<?xml version="1.0" encoding="UTF-8"?>
<!-- Generated by org.testng.reporters.JUnitReportReporter -->
<testsuite hostname="DESKTOP-64MBMPU" failures="0" tests="4" name="com.amazon.addtocart.test.AddToCartTest" time="85.475" errors="0" timestamp="2024-11-20T17:14:42 IST" skipped="0">
  <testcase classname="com.amazon.addtocart.test.AddToCartTest" name="searchProduct1" time="17.600"/>
  <system-out/>
  <testcase classname="com.amazon.addtocart.test.AddToCartTest" name="addtocart1" time="30.856"/>
  <system-out/>
  <testcase classname="com.amazon.addtocart.test.AddToCartTest" name="searchProduct2" time="7.445"/>
  <system-out/>
  <testcase classname="com.amazon.addtocart.test.AddToCartTest" name="addtocart2" time="29.574"/>
  <system-out/>
</testsuite> <!-- com.amazon.addtocart.test.AddToCartTest -->
