<?xml version="1.0" encoding="UTF-8"?>
<!-- Generated by org.testng.reporters.JUnitReportReporter -->
<testsuite hostname="DESKTOP-64MBMPU" failures="0" tests="2" name="com.amazon.search.test.SearchTest" time="21.690" errors="0" timestamp="2024-11-20T17:11:50 IST" skipped="0">
  <testcase classname="com.amazon.search.test.SearchTest" name="searchProduct1" time="13.278"/>
  <system-out/>
  <testcase classname="com.amazon.search.test.SearchTest" name="searchProduct2" time="8.412"/>
  <system-out/>
</testsuite> <!-- com.amazon.search.test.SearchTest -->
