<?xml version="1.0" encoding="UTF-8"?>
<!-- Generated by org.testng.reporters.JUnitReportReporter -->
<testsuite hostname="DESKTOP-64MBMPU" failures="0" tests="1" name="com.amazon.test.AmazonLogin" time="90.092" errors="0" timestamp="2024-11-14T12:05:38 IST" skipped="0">
  <testcase classname="com.amazon.test.AmazonLogin" name="login" time="90.092"/>
  <system-out/>
</testsuite> <!-- com.amazon.test.AmazonLogin -->
