<?xml version="1.0" encoding="UTF-8"?>
<!-- Generated by org.testng.reporters.JUnitReportReporter -->
<testsuite hostname="DESKTOP-64MBMPU" failures="0" tests="1" name="com.amazon.login.test.LoginTest" time="14.873" errors="0" timestamp="2024-11-19T14:26:02 IST" skipped="0">
  <testcase classname="com.amazon.login.test.LoginTest" name="verifyLogin" time="14.873"/>
  <system-out/>
</testsuite> <!-- com.amazon.login.test.LoginTest -->
