<?xml version="1.0" encoding="UTF-8"?>
<!-- Generated by org.testng.reporters.JUnitReportReporter -->
<testsuite hostname="DESKTOP-64MBMPU" failures="0" tests="5" name="com.amazon.removefromecart.test.RemoveFormCartTest" time="97.344" errors="0" timestamp="2024-11-20T17:17:11 IST" skipped="0">
  <testcase classname="com.amazon.removefromecart.test.RemoveFormCartTest" name="searchProduct1" time="8.442"/>
  <system-out/>
  <testcase classname="com.amazon.removefromecart.test.RemoveFormCartTest" name="addtocart1" time="30.116"/>
  <system-out/>
  <testcase classname="com.amazon.removefromecart.test.RemoveFormCartTest" name="searchProduct2" time="7.581"/>
  <system-out/>
  <testcase classname="com.amazon.removefromecart.test.RemoveFormCartTest" name="addtocart2" time="28.837"/>
  <system-out/>
  <testcase classname="com.amazon.removefromecart.test.RemoveFormCartTest" name="removefromecart" time="22.368"/>
  <system-out/>
</testsuite> <!-- com.amazon.removefromecart.test.RemoveFormCartTest -->
