<?xml version="1.0" encoding="UTF-8"?>
<!-- Generated by org.testng.reporters.JUnitReportReporter -->
<testsuite hostname="DESKTOP-64MBMPU" failures="0" tests="3" name="com.cashify.search.test.SearchTest" time="41.061" errors="0" timestamp="2024-12-10T17:22:12 IST" skipped="0">
  <testcase classname="com.cashify.search.test.SearchTest" name="verifySearchForNumber" time="12.332"/>
  <system-out/>
  <testcase classname="com.cashify.search.test.SearchTest" name="verifySearchForInvalidProduct" time="12.918"/>
  <system-out/>
  <testcase classname="com.cashify.search.test.SearchTest" name="verifySearchForValidProduct" time="15.811"/>
  <system-out/>
</testsuite> <!-- com.cashify.search.test.SearchTest -->
